<?xml version="1.0" encoding="UTF-8"?>
<!-- Generated by org.testng.reporters.JUnitXMLReporter -->
<testsuite ignored="0" hostname="WSAMZN-AO2UGDUI" failures="1" tests="1" name="Test" time="56.647" errors="0" timestamp="2024-07-10T15:07:25 IST">
  <testcase classname="Test_Classes.CITCalculatorTestClass" name="checkResultsValue" time="50.769">
    <failure type="org.openqa.selenium.ElementClickInterceptedException" message="element click intercepted: Element &amp;lt;button _ngcontent-serverapp-c111=&amp;quot;&amp;quot; mdc-button=&amp;quot;&amp;quot; id=&amp;quot;CIT-chart-submit&amp;quot; type=&amp;quot;submit&amp;quot; tabindex=&amp;quot;0&amp;quot; class=&amp;quot;mdc-button CIT-button mdc-button--outlined CIT-margin--top-50 mdc-ripple-upgraded&amp;quot; style=&amp;quot;--mdc-ripple-fg-size: 103px; --mdc-ripple-fg-scale: 1.8146660182980057; --mdc-ripple-fg-translate-start: 34px, -32.5px; --mdc-ripple-fg-translate-end: 34.890625px, -32.5px;&amp;quot;&amp;gt;...&amp;lt;/button&amp;gt; is not clickable at point (489, 655). Other element would receive the click: &amp;lt;mat-option _ngcontent-serverapp-c111=&amp;quot;&amp;quot; role=&amp;quot;option&amp;quot; class=&amp;quot;mat-option mat-focus-indicator ng-tns-c109-4 ng-star-inserted&amp;quot; id=&amp;quot;mat-option-4&amp;quot; tabindex=&amp;quot;0&amp;quot; aria-disabled=&amp;quot;false&amp;quot; style=&amp;quot;&amp;quot;&amp;gt;...&amp;lt;/mat-option&amp;gt;
  (Session info: chrome=126.0.6478.127)
Build info: version: &amp;apos;4.22.0&amp;apos;, revision: &amp;apos;c5f3146703*&amp;apos;
System info: os.name: &amp;apos;Windows Server 2019&amp;apos;, os.arch: &amp;apos;amd64&amp;apos;, os.version: &amp;apos;10.0&amp;apos;, java.version: &amp;apos;17.0.5&amp;apos;
Driver info: org.openqa.selenium.chrome.ChromeDriver
Command: [df3d98966f52b9d8111d66918267456b, clickElement {id=f.85A9D9B9DA089FD0650A6BDD94B35DF6.d.5C6D440ABD582E85CF4C7867A39B6702.e.42}]
Capabilities {acceptInsecureCerts: false, browserName: chrome, browserVersion: 126.0.6478.127, chrome: {chromedriverVersion: 126.0.6478.126 (d36ace6122e..., userDataDir: D:\Users\trushantmahatkar\A...}, fedcm:accounts: true, goog:chromeOptions: {debuggerAddress: localhost:63627}, networkConnectionEnabled: false, pageLoadStrategy: normal, platformName: windows, proxy: Proxy(), se:cdp: ws://localhost:63627/devtoo..., se:cdpVersion: 126.0.6478.127, setWindowRect: true, strictFileInteractability: false, timeouts: {implicit: 0, pageLoad: 300000, script: 30000}, unhandledPromptBehavior: dismiss and notify, webauthn:extension:credBlob: true, webauthn:extension:largeBlob: true, webauthn:extension:minPinLength: true, webauthn:extension:prf: true, webauthn:virtualAuthenticators: true}
Element: [[ChromeDriver: chrome on windows (df3d98966f52b9d8111d66918267456b)] -&amp;gt; xpath: //button[@id=&amp;apos;CIT-chart-submit&amp;apos;]]
Session ID: df3d98966f52b9d8111d66918267456b">
      <![CDATA[org.openqa.selenium.ElementClickInterceptedException: element click intercepted: Element <button _ngcontent-serverapp-c111="" mdc-button="" id="CIT-chart-submit" type="submit" tabindex="0" class="mdc-button CIT-button mdc-button--outlined CIT-margin--top-50 mdc-ripple-upgraded" style="--mdc-ripple-fg-size: 103px; --mdc-ripple-fg-scale: 1.8146660182980057; --mdc-ripple-fg-translate-start: 34px, -32.5px; --mdc-ripple-fg-translate-end: 34.890625px, -32.5px;">...</button> is not clickable at point (489, 655). Other element would receive the click: <mat-option _ngcontent-serverapp-c111="" role="option" class="mat-option mat-focus-indicator ng-tns-c109-4 ng-star-inserted" id="mat-option-4" tabindex="0" aria-disabled="false" style="">...</mat-option>
  (Session info: chrome=126.0.6478.127)
Build info: version: '4.22.0', revision: 'c5f3146703*'
System info: os.name: 'Windows Server 2019', os.arch: 'amd64', os.version: '10.0', java.version: '17.0.5'
Driver info: org.openqa.selenium.chrome.ChromeDriver
Command: [df3d98966f52b9d8111d66918267456b, clickElement {id=f.85A9D9B9DA089FD0650A6BDD94B35DF6.d.5C6D440ABD582E85CF4C7867A39B6702.e.42}]
Capabilities {acceptInsecureCerts: false, browserName: chrome, browserVersion: 126.0.6478.127, chrome: {chromedriverVersion: 126.0.6478.126 (d36ace6122e..., userDataDir: D:\Users\trushantmahatkar\A...}, fedcm:accounts: true, goog:chromeOptions: {debuggerAddress: localhost:63627}, networkConnectionEnabled: false, pageLoadStrategy: normal, platformName: windows, proxy: Proxy(), se:cdp: ws://localhost:63627/devtoo..., se:cdpVersion: 126.0.6478.127, setWindowRect: true, strictFileInteractability: false, timeouts: {implicit: 0, pageLoad: 300000, script: 30000}, unhandledPromptBehavior: dismiss and notify, webauthn:extension:credBlob: true, webauthn:extension:largeBlob: true, webauthn:extension:minPinLength: true, webauthn:extension:prf: true, webauthn:virtualAuthenticators: true}
Element: [[ChromeDriver: chrome on windows (df3d98966f52b9d8111d66918267456b)] -> xpath: //button[@id='CIT-chart-submit']]
Session ID: df3d98966f52b9d8111d66918267456b
at org.openqa.selenium.remote.ErrorCodec.decode(ErrorCodec.java:167)
at org.openqa.selenium.remote.codec.w3c.W3CHttpResponseCodec.decode(W3CHttpResponseCodec.java:138)
at org.openqa.selenium.remote.codec.w3c.W3CHttpResponseCodec.decode(W3CHttpResponseCodec.java:50)
at org.openqa.selenium.remote.HttpCommandExecutor.execute(HttpCommandExecutor.java:190)
at org.openqa.selenium.remote.service.DriverCommandExecutor.invokeExecute(DriverCommandExecutor.java:216)
at org.openqa.selenium.remote.service.DriverCommandExecutor.execute(DriverCommandExecutor.java:174)
at org.openqa.selenium.remote.RemoteWebDriver.execute(RemoteWebDriver.java:518)
at org.openqa.selenium.remote.RemoteWebElement.execute(RemoteWebElement.java:223)
at org.openqa.selenium.remote.RemoteWebElement.click(RemoteWebElement.java:76)
at org.openqa.selenium.support.pagefactory.internal.LocatingElementHandler.invoke(LocatingElementHandler.java:51)
at jdk.proxy2/jdk.proxy2.$Proxy13.click(Unknown Source)
at POM_CLasses.citCalciPomClass.clickLetsRunButton(citCalciPomClass.java:61)
at Test_Classes.CITCalculatorTestClass.checkResultsValue(CITCalculatorTestClass.java:41)
at java.base/java.util.ArrayList.forEach(ArrayList.java:1511)
... Removed 36 stack frames]]>
    </failure>
  </testcase> <!-- checkResultsValue -->
</testsuite> <!-- Test -->
