<?xml version="1.0" encoding="UTF-8"?>
<!-- Generated by org.testng.reporters.JUnitReportReporter -->
<testsuite hostname="WSAMZN-AO2UGDUI" failures="0" tests="1" name="Test_Classes.CITCalculatorTestClass" time="56.605" errors="1" timestamp="2024-07-10T15:07:25 IST" skipped="0">
  <testcase classname="Test_Classes.CITCalculatorTestClass" name="checkResultsValue" time="56.605">
    <error message="element click intercepted: Element &lt;button _ngcontent-serverapp-c111=&quot;&quot; mdc-button=&quot;&quot; id=&quot;CIT-chart-submit&quot; type=&quot;submit&quot; tabindex=&quot;0&quot; class=&quot;mdc-button CIT-button mdc-button--outlined CIT-margin--top-50 mdc-ripple-upgraded&quot; style=&quot;--mdc-ripple-fg-size: 103px; --mdc-ripple-fg-scale: 1.8146660182980057; --mdc-ripple-fg-translate-start: 34px, -32.5px; --mdc-ripple-fg-translate-end: 34.890625px, -32.5px;&quot;&gt;...&lt;/button&gt; is not clickable at point (489, 655). Other element would receive the click: &lt;mat-option _ngcontent-serverapp-c111=&quot;&quot; role=&quot;option&quot; class=&quot;mat-option mat-focus-indicator ng-tns-c109-4 ng-star-inserted&quot; id=&quot;mat-option-4&quot; tabindex=&quot;0&quot; aria-disabled=&quot;false&quot; style=&quot;&quot;&gt;...&lt;/mat-option&gt;
  (Session info: chrome=126.0.6478.127)
Build info: version: &#039;4.22.0&#039;, revision: &#039;c5f3146703*&#039;
System info: os.name: &#039;Windows Server 2019&#039;, os.arch: &#039;amd64&#039;, os.version: &#039;10.0&#039;, java.version: &#039;17.0.5&#039;
Driver info: org.openqa.selenium.chrome.ChromeDriver
Command: [df3d98966f52b9d8111d66918267456b, clickElement {id=f.85A9D9B9DA089FD0650A6BDD94B35DF6.d.5C6D440ABD582E85CF4C7867A39B6702.e.42}]
Capabilities {acceptInsecureCerts: false, browserName: chrome, browserVersion: 126.0.6478.127, chrome: {chromedriverVersion: 126.0.6478.126 (d36ace6122e..., userDataDir: D:\Users\trushantmahatkar\A...}, fedcm:accounts: true, goog:chromeOptions: {debuggerAddress: localhost:63627}, networkConnectionEnabled: false, pageLoadStrategy: normal, platformName: windows, proxy: Proxy(), se:cdp: ws://localhost:63627/devtoo..., se:cdpVersion: 126.0.6478.127, setWindowRect: true, strictFileInteractability: false, timeouts: {implicit: 0, pageLoad: 300000, script: 30000}, unhandledPromptBehavior: dismiss and notify, webauthn:extension:credBlob: true, webauthn:extension:largeBlob: true, webauthn:extension:minPinLength: true, webauthn:extension:prf: true, webauthn:virtualAuthenticators: true}
Element: [[ChromeDriver: chrome on windows (df3d98966f52b9d8111d66918267456b)] -&gt; xpath: //button[@id=&#039;CIT-chart-submit&#039;]]
Session ID: df3d98966f52b9d8111d66918267456b" type="org.openqa.selenium.ElementClickInterceptedException">
      <![CDATA[org.openqa.selenium.ElementClickInterceptedException: element click intercepted: Element <button _ngcontent-serverapp-c111="" mdc-button="" id="CIT-chart-submit" type="submit" tabindex="0" class="mdc-button CIT-button mdc-button--outlined CIT-margin--top-50 mdc-ripple-upgraded" style="--mdc-ripple-fg-size: 103px; --mdc-ripple-fg-scale: 1.8146660182980057; --mdc-ripple-fg-translate-start: 34px, -32.5px; --mdc-ripple-fg-translate-end: 34.890625px, -32.5px;">...</button> is not clickable at point (489, 655). Other element would receive the click: <mat-option _ngcontent-serverapp-c111="" role="option" class="mat-option mat-focus-indicator ng-tns-c109-4 ng-star-inserted" id="mat-option-4" tabindex="0" aria-disabled="false" style="">...</mat-option>
  (Session info: chrome=126.0.6478.127)
Build info: version: '4.22.0', revision: 'c5f3146703*'
System info: os.name: 'Windows Server 2019', os.arch: 'amd64', os.version: '10.0', java.version: '17.0.5'
Driver info: org.openqa.selenium.chrome.ChromeDriver
Command: [df3d98966f52b9d8111d66918267456b, clickElement {id=f.85A9D9B9DA089FD0650A6BDD94B35DF6.d.5C6D440ABD582E85CF4C7867A39B6702.e.42}]
Capabilities {acceptInsecureCerts: false, browserName: chrome, browserVersion: 126.0.6478.127, chrome: {chromedriverVersion: 126.0.6478.126 (d36ace6122e..., userDataDir: D:\Users\trushantmahatkar\A...}, fedcm:accounts: true, goog:chromeOptions: {debuggerAddress: localhost:63627}, networkConnectionEnabled: false, pageLoadStrategy: normal, platformName: windows, proxy: Proxy(), se:cdp: ws://localhost:63627/devtoo..., se:cdpVersion: 126.0.6478.127, setWindowRect: true, strictFileInteractability: false, timeouts: {implicit: 0, pageLoad: 300000, script: 30000}, unhandledPromptBehavior: dismiss and notify, webauthn:extension:credBlob: true, webauthn:extension:largeBlob: true, webauthn:extension:minPinLength: true, webauthn:extension:prf: true, webauthn:virtualAuthenticators: true}
Element: [[ChromeDriver: chrome on windows (df3d98966f52b9d8111d66918267456b)] -> xpath: //button[@id='CIT-chart-submit']]
Session ID: df3d98966f52b9d8111d66918267456b
at java.base/jdk.internal.reflect.NativeConstructorAccessorImpl.newInstance0(Native Method)
at java.base/jdk.internal.reflect.NativeConstructorAccessorImpl.newInstance(NativeConstructorAccessorImpl.java:77)
at java.base/jdk.internal.reflect.DelegatingConstructorAccessorImpl.newInstance(DelegatingConstructorAccessorImpl.java:45)
at java.base/java.lang.reflect.Constructor.newInstanceWithCaller(Constructor.java:499)
at java.base/java.lang.reflect.Constructor.newInstance(Constructor.java:480)
at org.openqa.selenium.remote.ErrorCodec.decode(ErrorCodec.java:167)
at org.openqa.selenium.remote.codec.w3c.W3CHttpResponseCodec.decode(W3CHttpResponseCodec.java:138)
at org.openqa.selenium.remote.codec.w3c.W3CHttpResponseCodec.decode(W3CHttpResponseCodec.java:50)
at org.openqa.selenium.remote.HttpCommandExecutor.execute(HttpCommandExecutor.java:190)
at org.openqa.selenium.remote.service.DriverCommandExecutor.invokeExecute(DriverCommandExecutor.java:216)
at org.openqa.selenium.remote.service.DriverCommandExecutor.execute(DriverCommandExecutor.java:174)
at org.openqa.selenium.remote.RemoteWebDriver.execute(RemoteWebDriver.java:518)
at org.openqa.selenium.remote.RemoteWebElement.execute(RemoteWebElement.java:223)
at org.openqa.selenium.remote.RemoteWebElement.click(RemoteWebElement.java:76)
at java.base/jdk.internal.reflect.NativeMethodAccessorImpl.invoke0(Native Method)
at java.base/jdk.internal.reflect.NativeMethodAccessorImpl.invoke(NativeMethodAccessorImpl.java:77)
at java.base/jdk.internal.reflect.DelegatingMethodAccessorImpl.invoke(DelegatingMethodAccessorImpl.java:43)
at java.base/java.lang.reflect.Method.invoke(Method.java:568)
at org.openqa.selenium.support.pagefactory.internal.LocatingElementHandler.invoke(LocatingElementHandler.java:51)
at jdk.proxy2/jdk.proxy2.$Proxy13.click(Unknown Source)
at POM_CLasses.citCalciPomClass.clickLetsRunButton(citCalciPomClass.java:61)
at Test_Classes.CITCalculatorTestClass.checkResultsValue(CITCalculatorTestClass.java:41)
at java.base/jdk.internal.reflect.NativeMethodAccessorImpl.invoke0(Native Method)
at java.base/jdk.internal.reflect.NativeMethodAccessorImpl.invoke(NativeMethodAccessorImpl.java:77)
at java.base/jdk.internal.reflect.DelegatingMethodAccessorImpl.invoke(DelegatingMethodAccessorImpl.java:43)
at java.base/java.lang.reflect.Method.invoke(Method.java:568)
at org.testng.internal.MethodInvocationHelper.invokeMethod(MethodInvocationHelper.java:133)
at org.testng.internal.TestInvoker.invokeMethod(TestInvoker.java:598)
at org.testng.internal.TestInvoker.invokeTestMethod(TestInvoker.java:173)
at org.testng.internal.MethodRunner.runInSequence(MethodRunner.java:46)
at org.testng.internal.TestInvoker$MethodInvocationAgent.invoke(TestInvoker.java:824)
at org.testng.internal.TestInvoker.invokeTestMethods(TestInvoker.java:146)
at org.testng.internal.TestMethodWorker.invokeTestMethods(TestMethodWorker.java:146)
at org.testng.internal.TestMethodWorker.run(TestMethodWorker.java:128)
at java.base/java.util.ArrayList.forEach(ArrayList.java:1511)
at org.testng.TestRunner.privateRun(TestRunner.java:794)
at org.testng.TestRunner.run(TestRunner.java:596)
at org.testng.SuiteRunner.runTest(SuiteRunner.java:377)
at org.testng.SuiteRunner.runSequentially(SuiteRunner.java:371)
at org.testng.SuiteRunner.privateRun(SuiteRunner.java:332)
at org.testng.SuiteRunner.run(SuiteRunner.java:276)
at org.testng.SuiteRunnerWorker.runSuite(SuiteRunnerWorker.java:53)
at org.testng.SuiteRunnerWorker.run(SuiteRunnerWorker.java:96)
at org.testng.TestNG.runSuitesSequentially(TestNG.java:1212)
at org.testng.TestNG.runSuitesLocally(TestNG.java:1134)
at org.testng.TestNG.runSuites(TestNG.java:1063)
at org.testng.TestNG.run(TestNG.java:1031)
at org.testng.remote.AbstractRemoteTestNG.run(AbstractRemoteTestNG.java:115)
at org.testng.remote.RemoteTestNG.initAndRun(RemoteTestNG.java:251)
at org.testng.remote.RemoteTestNG.main(RemoteTestNG.java:77)
]]>
    </error>
  </testcase> <!-- checkResultsValue -->
  <system-out/>
</testsuite> <!-- Test_Classes.CITCalculatorTestClass -->
